Determining if the function pcap_get_pfring_id exists failed with the following output:
Change Dir: C:/Users/reillyrd/CLionProjects/Parser1/cmake-build-debug/CMakeFiles/CMakeTmp

Run Build Command(s):C:/Users/reillyrd/AppData/Local/JETBRA~1/CLION2~1.2/bin/mingw/bin/mingw32-make.exe -f Makefile cmTC_f2867/fast && C:/Users/reillyrd/AppData/Local/JETBRA~1/CLION2~1.2/bin/mingw/bin/mingw32-make.exe  -f CMakeFiles\cmTC_f2867.dir\build.make CMakeFiles/cmTC_f2867.dir/build
mingw32-make[1]: Entering directory 'C:/Users/reillyrd/CLionProjects/Parser1/cmake-build-debug/CMakeFiles/CMakeTmp'
Building C object CMakeFiles/cmTC_f2867.dir/CheckFunctionExists.c.obj
C:\Users\reillyrd\AppData\Local\JETBRA~1\CLION2~1.2\bin\mingw\bin\gcc.exe   -DCHECK_FUNCTION_EXISTS=pcap_get_pfring_id -fdiagnostics-color=always -o CMakeFiles\cmTC_f2867.dir\CheckFunctionExists.c.obj -c "C:\Users\reillyrd\AppData\Local\JetBrains\CLion 2022.3.2\bin\cmake\win\x64\share\cmake-3.24\Modules\CheckFunctionExists.c"
Linking C executable cmTC_f2867.exe
"C:\Users\reillyrd\AppData\Local\JetBrains\CLion 2022.3.2\bin\cmake\win\x64\bin\cmake.exe" -E cmake_link_script CMakeFiles\cmTC_f2867.dir\link.txt --verbose=1
"C:\Users\reillyrd\AppData\Local\JetBrains\CLion 2022.3.2\bin\cmake\win\x64\bin\cmake.exe" -E rm -f CMakeFiles\cmTC_f2867.dir/objects.a
C:\Users\reillyrd\AppData\Local\JETBRA~1\CLION2~1.2\bin\mingw\bin\ar.exe qc CMakeFiles\cmTC_f2867.dir/objects.a @CMakeFiles\cmTC_f2867.dir\objects1.rsp
C:\Users\reillyrd\AppData\Local\JETBRA~1\CLION2~1.2\bin\mingw\bin\gcc.exe  -DCHECK_FUNCTION_EXISTS=pcap_get_pfring_id -Wl,--whole-archive CMakeFiles\cmTC_f2867.dir/objects.a -Wl,--no-whole-archive -o cmTC_f2867.exe -Wl,--out-implib,libcmTC_f2867.dll.a -Wl,--major-image-version,0,--minor-image-version,0 @CMakeFiles\cmTC_f2867.dir\linklibs.rsp
C:\Users\reillyrd\AppData\Local\JetBrains\CLion 2022.3.2\bin\mingw\bin/ld.exe: CMakeFiles\cmTC_f2867.dir/objects.a(CheckFunctionExists.c.obj):CheckFunctionExists.c:(.text+0x15): undefined reference to `pcap_get_pfring_id'
collect2.exe: error: ld returned 1 exit status
mingw32-make[1]: *** [CMakeFiles\cmTC_f2867.dir\build.make:100: cmTC_f2867.exe] Error 1
mingw32-make[1]: Leaving directory 'C:/Users/reillyrd/CLionProjects/Parser1/cmake-build-debug/CMakeFiles/CMakeTmp'
mingw32-make: *** [Makefile:126: cmTC_f2867/fast] Error 2



Determining if the function pcap_dump_open_append exists failed with the following output:
Change Dir: C:/Users/reillyrd/CLionProjects/Parser1/cmake-build-debug/CMakeFiles/CMakeTmp

Run Build Command(s):C:/Users/reillyrd/AppData/Local/JETBRA~1/CLION2~1.2/bin/mingw/bin/mingw32-make.exe -f Makefile cmTC_1a8b1/fast && C:/Users/reillyrd/AppData/Local/JETBRA~1/CLION2~1.2/bin/mingw/bin/mingw32-make.exe  -f CMakeFiles\cmTC_1a8b1.dir\build.make CMakeFiles/cmTC_1a8b1.dir/build
mingw32-make[1]: Entering directory 'C:/Users/reillyrd/CLionProjects/Parser1/cmake-build-debug/CMakeFiles/CMakeTmp'
Building C object CMakeFiles/cmTC_1a8b1.dir/CheckFunctionExists.c.obj
C:\Users\reillyrd\AppData\Local\JETBRA~1\CLION2~1.2\bin\mingw\bin\gcc.exe   -DCHECK_FUNCTION_EXISTS=pcap_dump_open_append -fdiagnostics-color=always -o CMakeFiles\cmTC_1a8b1.dir\CheckFunctionExists.c.obj -c "C:\Users\reillyrd\AppData\Local\JetBrains\CLion 2022.3.2\bin\cmake\win\x64\share\cmake-3.24\Modules\CheckFunctionExists.c"
mingw32-make[1]: *** No rule to make target '/usr/lib/x86_64-linux-gnu/libpcap.so', needed by 'cmTC_1a8b1.exe'.  Stop.
mingw32-make[1]: Leaving directory 'C:/Users/reillyrd/CLionProjects/Parser1/cmake-build-debug/CMakeFiles/CMakeTmp'
mingw32-make: *** [Makefile:126: cmTC_1a8b1/fast] Error 2



